<?xml version="1.0" encoding="UTF-8"?>
<!-- Generated by org.testng.reporters.JUnitReportReporter -->
<testsuite hostname="Mital" failures="0" tests="1" name="testLayer.HomePageTest" time="15.606" errors="0" timestamp="2022-04-02T14:00:39 EDT" skipped="0">
  <testcase classname="testLayer.HomePageTest" name="admintab" time="15.606"/>
  <system-out/>
</testsuite> <!-- testLayer.HomePageTest -->
