<?xml version="1.0" encoding="UTF-8"?>
<!-- Generated by org.testng.reporters.JUnitReportReporter -->
<testsuite hostname="Mital" failures="0" tests="5" name="testLayer.LoginTest" time="50.747" errors="0" timestamp="2022-03-31T18:18:15 EDT" skipped="0">
  <testcase classname="testLayer.LoginTest" name="Title" time="13.293"/>
  <system-out/>
  <testcase classname="testLayer.LoginTest" name="Login" time="8.516"/>
  <system-out/>
  <testcase classname="testLayer.LoginTest" name="Login" time="8.397"/>
  <system-out/>
  <testcase classname="testLayer.LoginTest" name="Login" time="9.015"/>
  <system-out/>
  <testcase classname="testLayer.LoginTest" name="Login" time="11.526"/>
  <system-out/>
</testsuite> <!-- testLayer.LoginTest -->
